ARM GAS  /tmp/ccJoTjHR.s 			page 1


   1              		.syntax unified
   2              		.cpu cortex-m3
   3              		.fpu softvfp
   4              		.eabi_attribute 20, 1
   5              		.eabi_attribute 21, 1
   6              		.eabi_attribute 23, 3
   7              		.eabi_attribute 24, 1
   8              		.eabi_attribute 25, 1
   9              		.eabi_attribute 26, 1
  10              		.eabi_attribute 30, 1
  11              		.eabi_attribute 34, 1
  12              		.eabi_attribute 18, 4
  13              		.thumb
  14              		.syntax unified
  15              		.file	"gpio.c"
  16              		.text
  17              	.Ltext0:
  18              		.cfi_sections	.debug_frame
  19              		.section	.text.MX_GPIO_Init,"ax",%progbits
  20              		.align	2
  21              		.global	MX_GPIO_Init
  22              		.thumb
  23              		.thumb_func
  25              	MX_GPIO_Init:
  26              	.LFB64:
  27              		.file 1 "Src/gpio.c"
   1:Src/gpio.c    **** /**
   2:Src/gpio.c    ****   ******************************************************************************
   3:Src/gpio.c    ****   * File Name          : gpio.c
   4:Src/gpio.c    ****   * Description        : This file provides code for the configuration
   5:Src/gpio.c    ****   *                      of all used GPIO pins.
   6:Src/gpio.c    ****   ******************************************************************************
   7:Src/gpio.c    ****   * @attention
   8:Src/gpio.c    ****   *
   9:Src/gpio.c    ****   * <h2><center>&copy; Copyright (c) 2019 STMicroelectronics.
  10:Src/gpio.c    ****   * All rights reserved.</center></h2>
  11:Src/gpio.c    ****   *
  12:Src/gpio.c    ****   * This software component is licensed by ST under Ultimate Liberty license
  13:Src/gpio.c    ****   * SLA0044, the "License"; You may not use this file except in compliance with
  14:Src/gpio.c    ****   * the License. You may obtain a copy of the License at:
  15:Src/gpio.c    ****   *                             www.st.com/SLA0044
  16:Src/gpio.c    ****   *
  17:Src/gpio.c    ****   ******************************************************************************
  18:Src/gpio.c    ****   */
  19:Src/gpio.c    **** 
  20:Src/gpio.c    **** /* Includes ------------------------------------------------------------------*/
  21:Src/gpio.c    **** #include "gpio.h"
  22:Src/gpio.c    **** /* USER CODE BEGIN 0 */
  23:Src/gpio.c    **** 
  24:Src/gpio.c    **** /* USER CODE END 0 */
  25:Src/gpio.c    **** 
  26:Src/gpio.c    **** /*----------------------------------------------------------------------------*/
  27:Src/gpio.c    **** /* Configure GPIO                                                             */
  28:Src/gpio.c    **** /*----------------------------------------------------------------------------*/
  29:Src/gpio.c    **** /* USER CODE BEGIN 1 */
  30:Src/gpio.c    **** 
  31:Src/gpio.c    **** /* USER CODE END 1 */
ARM GAS  /tmp/ccJoTjHR.s 			page 2


  32:Src/gpio.c    **** 
  33:Src/gpio.c    **** /** Configure pins as 
  34:Src/gpio.c    ****         * Analog 
  35:Src/gpio.c    ****         * Input 
  36:Src/gpio.c    ****         * Output
  37:Src/gpio.c    ****         * EVENT_OUT
  38:Src/gpio.c    ****         * EXTI
  39:Src/gpio.c    **** */
  40:Src/gpio.c    **** void MX_GPIO_Init(void)
  41:Src/gpio.c    **** {
  28              		.loc 1 41 0
  29              		.cfi_startproc
  30              		@ args = 0, pretend = 0, frame = 32
  31              		@ frame_needed = 0, uses_anonymous_args = 0
  32 0000 2DE9F041 		push	{r4, r5, r6, r7, r8, lr}
  33              	.LCFI0:
  34              		.cfi_def_cfa_offset 24
  35              		.cfi_offset 4, -24
  36              		.cfi_offset 5, -20
  37              		.cfi_offset 6, -16
  38              		.cfi_offset 7, -12
  39              		.cfi_offset 8, -8
  40              		.cfi_offset 14, -4
  41 0004 88B0     		sub	sp, sp, #32
  42              	.LCFI1:
  43              		.cfi_def_cfa_offset 56
  42:Src/gpio.c    **** 
  43:Src/gpio.c    ****   GPIO_InitTypeDef GPIO_InitStruct = {0};
  44              		.loc 1 43 0
  45 0006 0024     		movs	r4, #0
  46 0008 0494     		str	r4, [sp, #16]
  47 000a 0594     		str	r4, [sp, #20]
  48 000c 0694     		str	r4, [sp, #24]
  49 000e 0794     		str	r4, [sp, #28]
  50              	.LBB2:
  44:Src/gpio.c    **** 
  45:Src/gpio.c    ****   /* GPIO Ports Clock Enable */
  46:Src/gpio.c    ****   __HAL_RCC_GPIOC_CLK_ENABLE();
  51              		.loc 1 46 0
  52 0010 2A4B     		ldr	r3, .L3
  53 0012 9A69     		ldr	r2, [r3, #24]
  54 0014 42F01002 		orr	r2, r2, #16
  55 0018 9A61     		str	r2, [r3, #24]
  56 001a 9A69     		ldr	r2, [r3, #24]
  57 001c 02F01002 		and	r2, r2, #16
  58 0020 0092     		str	r2, [sp]
  59 0022 009A     		ldr	r2, [sp]
  60              	.LBE2:
  61              	.LBB3:
  47:Src/gpio.c    ****   __HAL_RCC_GPIOD_CLK_ENABLE();
  62              		.loc 1 47 0
  63 0024 9A69     		ldr	r2, [r3, #24]
  64 0026 42F02002 		orr	r2, r2, #32
  65 002a 9A61     		str	r2, [r3, #24]
  66 002c 9A69     		ldr	r2, [r3, #24]
  67 002e 02F02002 		and	r2, r2, #32
  68 0032 0192     		str	r2, [sp, #4]
ARM GAS  /tmp/ccJoTjHR.s 			page 3


  69 0034 019A     		ldr	r2, [sp, #4]
  70              	.LBE3:
  71              	.LBB4:
  48:Src/gpio.c    ****   __HAL_RCC_GPIOA_CLK_ENABLE();
  72              		.loc 1 48 0
  73 0036 9A69     		ldr	r2, [r3, #24]
  74 0038 42F00402 		orr	r2, r2, #4
  75 003c 9A61     		str	r2, [r3, #24]
  76 003e 9A69     		ldr	r2, [r3, #24]
  77 0040 02F00402 		and	r2, r2, #4
  78 0044 0292     		str	r2, [sp, #8]
  79 0046 029A     		ldr	r2, [sp, #8]
  80              	.LBE4:
  81              	.LBB5:
  49:Src/gpio.c    ****   __HAL_RCC_GPIOB_CLK_ENABLE();
  82              		.loc 1 49 0
  83 0048 9A69     		ldr	r2, [r3, #24]
  84 004a 42F00802 		orr	r2, r2, #8
  85 004e 9A61     		str	r2, [r3, #24]
  86 0050 9B69     		ldr	r3, [r3, #24]
  87 0052 03F00803 		and	r3, r3, #8
  88 0056 0393     		str	r3, [sp, #12]
  89 0058 039B     		ldr	r3, [sp, #12]
  90              	.LBE5:
  50:Src/gpio.c    **** 
  51:Src/gpio.c    ****   /*Configure GPIO pin Output Level */
  52:Src/gpio.c    ****   HAL_GPIO_WritePin(GPIOC, GPIO_PIN_13, GPIO_PIN_RESET);
  91              		.loc 1 52 0
  92 005a DFF86C80 		ldr	r8, .L3+12
  93 005e 2246     		mov	r2, r4
  94 0060 4FF40051 		mov	r1, #8192
  95 0064 4046     		mov	r0, r8
  96 0066 FFF7FEFF 		bl	HAL_GPIO_WritePin
  97              	.LVL0:
  53:Src/gpio.c    **** 
  54:Src/gpio.c    ****   /*Configure GPIO pin Output Level */
  55:Src/gpio.c    ****   HAL_GPIO_WritePin(LORA_NSS_GPIO_Port, LORA_NSS_Pin, GPIO_PIN_RESET);
  98              		.loc 1 55 0
  99 006a 154D     		ldr	r5, .L3+4
 100 006c 2246     		mov	r2, r4
 101 006e 4FF48071 		mov	r1, #256
 102 0072 2846     		mov	r0, r5
 103 0074 FFF7FEFF 		bl	HAL_GPIO_WritePin
 104              	.LVL1:
  56:Src/gpio.c    **** 
  57:Src/gpio.c    ****   /*Configure GPIO pin : PC13 */
  58:Src/gpio.c    ****   GPIO_InitStruct.Pin = GPIO_PIN_13;
 105              		.loc 1 58 0
 106 0078 4FF40053 		mov	r3, #8192
 107 007c 0493     		str	r3, [sp, #16]
  59:Src/gpio.c    ****   GPIO_InitStruct.Mode = GPIO_MODE_OUTPUT_PP;
 108              		.loc 1 59 0
 109 007e 0127     		movs	r7, #1
 110 0080 0597     		str	r7, [sp, #20]
  60:Src/gpio.c    ****   GPIO_InitStruct.Pull = GPIO_NOPULL;
 111              		.loc 1 60 0
 112 0082 0694     		str	r4, [sp, #24]
ARM GAS  /tmp/ccJoTjHR.s 			page 4


  61:Src/gpio.c    ****   GPIO_InitStruct.Speed = GPIO_SPEED_FREQ_LOW;
 113              		.loc 1 61 0
 114 0084 0226     		movs	r6, #2
 115 0086 0796     		str	r6, [sp, #28]
  62:Src/gpio.c    ****   HAL_GPIO_Init(GPIOC, &GPIO_InitStruct);
 116              		.loc 1 62 0
 117 0088 04A9     		add	r1, sp, #16
 118 008a 4046     		mov	r0, r8
 119 008c FFF7FEFF 		bl	HAL_GPIO_Init
 120              	.LVL2:
  63:Src/gpio.c    **** 
  64:Src/gpio.c    ****   /*Configure GPIO pins : PBPin PBPin PBPin */
  65:Src/gpio.c    ****   GPIO_InitStruct.Pin = LORA_DIO0_Pin|LORA_DIO1_Pin|LORA_DIO2_Pin;
 121              		.loc 1 65 0
 122 0090 4FF4E043 		mov	r3, #28672
 123 0094 0493     		str	r3, [sp, #16]
  66:Src/gpio.c    ****   GPIO_InitStruct.Mode = GPIO_MODE_INPUT;
 124              		.loc 1 66 0
 125 0096 0594     		str	r4, [sp, #20]
  67:Src/gpio.c    ****   GPIO_InitStruct.Pull = GPIO_NOPULL;
 126              		.loc 1 67 0
 127 0098 0694     		str	r4, [sp, #24]
  68:Src/gpio.c    ****   HAL_GPIO_Init(GPIOB, &GPIO_InitStruct);
 128              		.loc 1 68 0
 129 009a 04A9     		add	r1, sp, #16
 130 009c 0948     		ldr	r0, .L3+8
 131 009e FFF7FEFF 		bl	HAL_GPIO_Init
 132              	.LVL3:
  69:Src/gpio.c    **** 
  70:Src/gpio.c    ****   /*Configure GPIO pin : PtPin */
  71:Src/gpio.c    ****   GPIO_InitStruct.Pin = LORA_NSS_Pin;
 133              		.loc 1 71 0
 134 00a2 4FF48073 		mov	r3, #256
 135 00a6 0493     		str	r3, [sp, #16]
  72:Src/gpio.c    ****   GPIO_InitStruct.Mode = GPIO_MODE_OUTPUT_PP;
 136              		.loc 1 72 0
 137 00a8 0597     		str	r7, [sp, #20]
  73:Src/gpio.c    ****   GPIO_InitStruct.Pull = GPIO_NOPULL;
 138              		.loc 1 73 0
 139 00aa 0694     		str	r4, [sp, #24]
  74:Src/gpio.c    ****   GPIO_InitStruct.Speed = GPIO_SPEED_FREQ_LOW;
 140              		.loc 1 74 0
 141 00ac 0796     		str	r6, [sp, #28]
  75:Src/gpio.c    ****   HAL_GPIO_Init(LORA_NSS_GPIO_Port, &GPIO_InitStruct);
 142              		.loc 1 75 0
 143 00ae 04A9     		add	r1, sp, #16
 144 00b0 2846     		mov	r0, r5
 145 00b2 FFF7FEFF 		bl	HAL_GPIO_Init
 146              	.LVL4:
  76:Src/gpio.c    **** 
  77:Src/gpio.c    **** }
 147              		.loc 1 77 0
 148 00b6 08B0     		add	sp, sp, #32
 149              	.LCFI2:
 150              		.cfi_def_cfa_offset 24
 151              		@ sp needed
 152 00b8 BDE8F081 		pop	{r4, r5, r6, r7, r8, pc}
ARM GAS  /tmp/ccJoTjHR.s 			page 5


 153              	.L4:
 154              		.align	2
 155              	.L3:
 156 00bc 00100240 		.word	1073876992
 157 00c0 00080140 		.word	1073809408
 158 00c4 000C0140 		.word	1073810432
 159 00c8 00100140 		.word	1073811456
 160              		.cfi_endproc
 161              	.LFE64:
 163              		.text
 164              	.Letext0:
 165              		.file 2 "/opt/gcc-arm-none-eabi-5_4-2016q3/arm-none-eabi/include/machine/_default_types.h"
 166              		.file 3 "/opt/gcc-arm-none-eabi-5_4-2016q3/arm-none-eabi/include/sys/_stdint.h"
 167              		.file 4 "Drivers/CMSIS/Device/ST/STM32F1xx/Include/stm32f103xb.h"
 168              		.file 5 "Drivers/STM32F1xx_HAL_Driver/Inc/stm32f1xx_hal_gpio.h"
 169              		.file 6 "Drivers/CMSIS/Include/core_cm3.h"
ARM GAS  /tmp/ccJoTjHR.s 			page 6


DEFINED SYMBOLS
                            *ABS*:00000000 gpio.c
     /tmp/ccJoTjHR.s:20     .text.MX_GPIO_Init:00000000 $t
     /tmp/ccJoTjHR.s:25     .text.MX_GPIO_Init:00000000 MX_GPIO_Init
     /tmp/ccJoTjHR.s:156    .text.MX_GPIO_Init:000000bc $d
                     .debug_frame:00000010 $d

UNDEFINED SYMBOLS
HAL_GPIO_WritePin
HAL_GPIO_Init
