ARM GAS  /tmp/ccY0De0c.s 			page 1


   1              		.syntax unified
   2              		.cpu cortex-m3
   3              		.fpu softvfp
   4              		.eabi_attribute 20, 1
   5              		.eabi_attribute 21, 1
   6              		.eabi_attribute 23, 3
   7              		.eabi_attribute 24, 1
   8              		.eabi_attribute 25, 1
   9              		.eabi_attribute 26, 1
  10              		.eabi_attribute 30, 1
  11              		.eabi_attribute 34, 1
  12              		.eabi_attribute 18, 4
  13              		.thumb
  14              		.syntax unified
  15              		.file	"stm32f1xx_it.c"
  16              		.text
  17              	.Ltext0:
  18              		.cfi_sections	.debug_frame
  19              		.section	.text.NMI_Handler,"ax",%progbits
  20              		.align	2
  21              		.global	NMI_Handler
  22              		.thumb
  23              		.thumb_func
  25              	NMI_Handler:
  26              	.LFB69:
  27              		.file 1 "Src/stm32f1xx_it.c"
   1:Src/stm32f1xx_it.c **** /* USER CODE BEGIN Header */
   2:Src/stm32f1xx_it.c **** /**
   3:Src/stm32f1xx_it.c ****   ******************************************************************************
   4:Src/stm32f1xx_it.c ****   * @file    stm32f1xx_it.c
   5:Src/stm32f1xx_it.c ****   * @brief   Interrupt Service Routines.
   6:Src/stm32f1xx_it.c ****   ******************************************************************************
   7:Src/stm32f1xx_it.c ****   * @attention
   8:Src/stm32f1xx_it.c ****   *
   9:Src/stm32f1xx_it.c ****   * <h2><center>&copy; Copyright (c) 2019 STMicroelectronics.
  10:Src/stm32f1xx_it.c ****   * All rights reserved.</center></h2>
  11:Src/stm32f1xx_it.c ****   *
  12:Src/stm32f1xx_it.c ****   * This software component is licensed by ST under BSD 3-Clause license,
  13:Src/stm32f1xx_it.c ****   * the "License"; You may not use this file except in compliance with the
  14:Src/stm32f1xx_it.c ****   * License. You may obtain a copy of the License at:
  15:Src/stm32f1xx_it.c ****   *                        opensource.org/licenses/BSD-3-Clause
  16:Src/stm32f1xx_it.c ****   *
  17:Src/stm32f1xx_it.c ****   ******************************************************************************
  18:Src/stm32f1xx_it.c ****   */
  19:Src/stm32f1xx_it.c **** /* USER CODE END Header */
  20:Src/stm32f1xx_it.c **** 
  21:Src/stm32f1xx_it.c **** /* Includes ------------------------------------------------------------------*/
  22:Src/stm32f1xx_it.c **** #include "main.h"
  23:Src/stm32f1xx_it.c **** #include "stm32f1xx_it.h"
  24:Src/stm32f1xx_it.c **** #include "cmsis_os.h"
  25:Src/stm32f1xx_it.c **** /* Private includes ----------------------------------------------------------*/
  26:Src/stm32f1xx_it.c **** /* USER CODE BEGIN Includes */
  27:Src/stm32f1xx_it.c **** #include "Serial.h"
  28:Src/stm32f1xx_it.c **** /* USER CODE END Includes */
  29:Src/stm32f1xx_it.c **** 
  30:Src/stm32f1xx_it.c **** /* Private typedef -----------------------------------------------------------*/
  31:Src/stm32f1xx_it.c **** /* USER CODE BEGIN TD */
ARM GAS  /tmp/ccY0De0c.s 			page 2


  32:Src/stm32f1xx_it.c **** 
  33:Src/stm32f1xx_it.c **** /* USER CODE END TD */
  34:Src/stm32f1xx_it.c **** 
  35:Src/stm32f1xx_it.c **** /* Private define ------------------------------------------------------------*/
  36:Src/stm32f1xx_it.c **** /* USER CODE BEGIN PD */
  37:Src/stm32f1xx_it.c **** extern Serial_Handle ESP8266_Serial;
  38:Src/stm32f1xx_it.c **** /* USER CODE END PD */
  39:Src/stm32f1xx_it.c **** 
  40:Src/stm32f1xx_it.c **** /* Private macro -------------------------------------------------------------*/
  41:Src/stm32f1xx_it.c **** /* USER CODE BEGIN PM */
  42:Src/stm32f1xx_it.c **** 
  43:Src/stm32f1xx_it.c **** /* USER CODE END PM */
  44:Src/stm32f1xx_it.c **** 
  45:Src/stm32f1xx_it.c **** /* Private variables ---------------------------------------------------------*/
  46:Src/stm32f1xx_it.c **** /* USER CODE BEGIN PV */
  47:Src/stm32f1xx_it.c **** 
  48:Src/stm32f1xx_it.c **** /* USER CODE END PV */
  49:Src/stm32f1xx_it.c **** 
  50:Src/stm32f1xx_it.c **** /* Private function prototypes -----------------------------------------------*/
  51:Src/stm32f1xx_it.c **** /* USER CODE BEGIN PFP */
  52:Src/stm32f1xx_it.c **** 
  53:Src/stm32f1xx_it.c **** /* USER CODE END PFP */
  54:Src/stm32f1xx_it.c **** 
  55:Src/stm32f1xx_it.c **** /* Private user code ---------------------------------------------------------*/
  56:Src/stm32f1xx_it.c **** /* USER CODE BEGIN 0 */
  57:Src/stm32f1xx_it.c **** 
  58:Src/stm32f1xx_it.c **** /* USER CODE END 0 */
  59:Src/stm32f1xx_it.c **** 
  60:Src/stm32f1xx_it.c **** /* External variables --------------------------------------------------------*/
  61:Src/stm32f1xx_it.c **** extern DMA_HandleTypeDef hdma_usart1_rx;
  62:Src/stm32f1xx_it.c **** extern UART_HandleTypeDef huart1;
  63:Src/stm32f1xx_it.c **** /* USER CODE BEGIN EV */
  64:Src/stm32f1xx_it.c **** 
  65:Src/stm32f1xx_it.c **** /* USER CODE END EV */
  66:Src/stm32f1xx_it.c **** 
  67:Src/stm32f1xx_it.c **** /******************************************************************************/
  68:Src/stm32f1xx_it.c **** /*           Cortex-M3 Processor Interruption and Exception Handlers          */ 
  69:Src/stm32f1xx_it.c **** /******************************************************************************/
  70:Src/stm32f1xx_it.c **** /**
  71:Src/stm32f1xx_it.c ****   * @brief This function handles Non maskable interrupt.
  72:Src/stm32f1xx_it.c ****   */
  73:Src/stm32f1xx_it.c **** void NMI_Handler(void)
  74:Src/stm32f1xx_it.c **** {
  28              		.loc 1 74 0
  29              		.cfi_startproc
  30              		@ args = 0, pretend = 0, frame = 0
  31              		@ frame_needed = 0, uses_anonymous_args = 0
  32              		@ link register save eliminated.
  33 0000 7047     		bx	lr
  34              		.cfi_endproc
  35              	.LFE69:
  37 0002 00BF     		.section	.text.HardFault_Handler,"ax",%progbits
  38              		.align	2
  39              		.global	HardFault_Handler
  40              		.thumb
  41              		.thumb_func
  43              	HardFault_Handler:
ARM GAS  /tmp/ccY0De0c.s 			page 3


  44              	.LFB70:
  75:Src/stm32f1xx_it.c ****   /* USER CODE BEGIN NonMaskableInt_IRQn 0 */
  76:Src/stm32f1xx_it.c **** 
  77:Src/stm32f1xx_it.c ****   /* USER CODE END NonMaskableInt_IRQn 0 */
  78:Src/stm32f1xx_it.c ****   /* USER CODE BEGIN NonMaskableInt_IRQn 1 */
  79:Src/stm32f1xx_it.c **** 
  80:Src/stm32f1xx_it.c ****   /* USER CODE END NonMaskableInt_IRQn 1 */
  81:Src/stm32f1xx_it.c **** }
  82:Src/stm32f1xx_it.c **** 
  83:Src/stm32f1xx_it.c **** /**
  84:Src/stm32f1xx_it.c ****   * @brief This function handles Hard fault interrupt.
  85:Src/stm32f1xx_it.c ****   */
  86:Src/stm32f1xx_it.c **** void HardFault_Handler(void)
  87:Src/stm32f1xx_it.c **** {
  45              		.loc 1 87 0
  46              		.cfi_startproc
  47              		@ Volatile: function does not return.
  48              		@ args = 0, pretend = 0, frame = 0
  49              		@ frame_needed = 0, uses_anonymous_args = 0
  50              		@ link register save eliminated.
  51              	.L3:
  52 0000 FEE7     		b	.L3
  53              		.cfi_endproc
  54              	.LFE70:
  56 0002 00BF     		.section	.text.MemManage_Handler,"ax",%progbits
  57              		.align	2
  58              		.global	MemManage_Handler
  59              		.thumb
  60              		.thumb_func
  62              	MemManage_Handler:
  63              	.LFB71:
  88:Src/stm32f1xx_it.c ****   /* USER CODE BEGIN HardFault_IRQn 0 */
  89:Src/stm32f1xx_it.c **** 
  90:Src/stm32f1xx_it.c ****   /* USER CODE END HardFault_IRQn 0 */
  91:Src/stm32f1xx_it.c ****   while (1)
  92:Src/stm32f1xx_it.c ****   {
  93:Src/stm32f1xx_it.c ****     /* USER CODE BEGIN W1_HardFault_IRQn 0 */
  94:Src/stm32f1xx_it.c ****     /* USER CODE END W1_HardFault_IRQn 0 */
  95:Src/stm32f1xx_it.c ****   }
  96:Src/stm32f1xx_it.c **** }
  97:Src/stm32f1xx_it.c **** 
  98:Src/stm32f1xx_it.c **** /**
  99:Src/stm32f1xx_it.c ****   * @brief This function handles Memory management fault.
 100:Src/stm32f1xx_it.c ****   */
 101:Src/stm32f1xx_it.c **** void MemManage_Handler(void)
 102:Src/stm32f1xx_it.c **** {
  64              		.loc 1 102 0
  65              		.cfi_startproc
  66              		@ Volatile: function does not return.
  67              		@ args = 0, pretend = 0, frame = 0
  68              		@ frame_needed = 0, uses_anonymous_args = 0
  69              		@ link register save eliminated.
  70              	.L5:
  71 0000 FEE7     		b	.L5
  72              		.cfi_endproc
  73              	.LFE71:
  75 0002 00BF     		.section	.text.BusFault_Handler,"ax",%progbits
ARM GAS  /tmp/ccY0De0c.s 			page 4


  76              		.align	2
  77              		.global	BusFault_Handler
  78              		.thumb
  79              		.thumb_func
  81              	BusFault_Handler:
  82              	.LFB72:
 103:Src/stm32f1xx_it.c ****   /* USER CODE BEGIN MemoryManagement_IRQn 0 */
 104:Src/stm32f1xx_it.c **** 
 105:Src/stm32f1xx_it.c ****   /* USER CODE END MemoryManagement_IRQn 0 */
 106:Src/stm32f1xx_it.c ****   while (1)
 107:Src/stm32f1xx_it.c ****   {
 108:Src/stm32f1xx_it.c ****     /* USER CODE BEGIN W1_MemoryManagement_IRQn 0 */
 109:Src/stm32f1xx_it.c ****     /* USER CODE END W1_MemoryManagement_IRQn 0 */
 110:Src/stm32f1xx_it.c ****   }
 111:Src/stm32f1xx_it.c **** }
 112:Src/stm32f1xx_it.c **** 
 113:Src/stm32f1xx_it.c **** /**
 114:Src/stm32f1xx_it.c ****   * @brief This function handles Prefetch fault, memory access fault.
 115:Src/stm32f1xx_it.c ****   */
 116:Src/stm32f1xx_it.c **** void BusFault_Handler(void)
 117:Src/stm32f1xx_it.c **** {
  83              		.loc 1 117 0
  84              		.cfi_startproc
  85              		@ Volatile: function does not return.
  86              		@ args = 0, pretend = 0, frame = 0
  87              		@ frame_needed = 0, uses_anonymous_args = 0
  88              		@ link register save eliminated.
  89              	.L7:
  90 0000 FEE7     		b	.L7
  91              		.cfi_endproc
  92              	.LFE72:
  94 0002 00BF     		.section	.text.UsageFault_Handler,"ax",%progbits
  95              		.align	2
  96              		.global	UsageFault_Handler
  97              		.thumb
  98              		.thumb_func
 100              	UsageFault_Handler:
 101              	.LFB73:
 118:Src/stm32f1xx_it.c ****   /* USER CODE BEGIN BusFault_IRQn 0 */
 119:Src/stm32f1xx_it.c **** 
 120:Src/stm32f1xx_it.c ****   /* USER CODE END BusFault_IRQn 0 */
 121:Src/stm32f1xx_it.c ****   while (1)
 122:Src/stm32f1xx_it.c ****   {
 123:Src/stm32f1xx_it.c ****     /* USER CODE BEGIN W1_BusFault_IRQn 0 */
 124:Src/stm32f1xx_it.c ****     /* USER CODE END W1_BusFault_IRQn 0 */
 125:Src/stm32f1xx_it.c ****   }
 126:Src/stm32f1xx_it.c **** }
 127:Src/stm32f1xx_it.c **** 
 128:Src/stm32f1xx_it.c **** /**
 129:Src/stm32f1xx_it.c ****   * @brief This function handles Undefined instruction or illegal state.
 130:Src/stm32f1xx_it.c ****   */
 131:Src/stm32f1xx_it.c **** void UsageFault_Handler(void)
 132:Src/stm32f1xx_it.c **** {
 102              		.loc 1 132 0
 103              		.cfi_startproc
 104              		@ Volatile: function does not return.
 105              		@ args = 0, pretend = 0, frame = 0
ARM GAS  /tmp/ccY0De0c.s 			page 5


 106              		@ frame_needed = 0, uses_anonymous_args = 0
 107              		@ link register save eliminated.
 108              	.L9:
 109 0000 FEE7     		b	.L9
 110              		.cfi_endproc
 111              	.LFE73:
 113 0002 00BF     		.section	.text.DebugMon_Handler,"ax",%progbits
 114              		.align	2
 115              		.global	DebugMon_Handler
 116              		.thumb
 117              		.thumb_func
 119              	DebugMon_Handler:
 120              	.LFB74:
 133:Src/stm32f1xx_it.c ****   /* USER CODE BEGIN UsageFault_IRQn 0 */
 134:Src/stm32f1xx_it.c **** 
 135:Src/stm32f1xx_it.c ****   /* USER CODE END UsageFault_IRQn 0 */
 136:Src/stm32f1xx_it.c ****   while (1)
 137:Src/stm32f1xx_it.c ****   {
 138:Src/stm32f1xx_it.c ****     /* USER CODE BEGIN W1_UsageFault_IRQn 0 */
 139:Src/stm32f1xx_it.c ****     /* USER CODE END W1_UsageFault_IRQn 0 */
 140:Src/stm32f1xx_it.c ****   }
 141:Src/stm32f1xx_it.c **** }
 142:Src/stm32f1xx_it.c **** 
 143:Src/stm32f1xx_it.c **** /**
 144:Src/stm32f1xx_it.c ****   * @brief This function handles Debug monitor.
 145:Src/stm32f1xx_it.c ****   */
 146:Src/stm32f1xx_it.c **** void DebugMon_Handler(void)
 147:Src/stm32f1xx_it.c **** {
 121              		.loc 1 147 0
 122              		.cfi_startproc
 123              		@ args = 0, pretend = 0, frame = 0
 124              		@ frame_needed = 0, uses_anonymous_args = 0
 125              		@ link register save eliminated.
 126 0000 7047     		bx	lr
 127              		.cfi_endproc
 128              	.LFE74:
 130 0002 00BF     		.section	.text.SysTick_Handler,"ax",%progbits
 131              		.align	2
 132              		.global	SysTick_Handler
 133              		.thumb
 134              		.thumb_func
 136              	SysTick_Handler:
 137              	.LFB75:
 148:Src/stm32f1xx_it.c ****   /* USER CODE BEGIN DebugMonitor_IRQn 0 */
 149:Src/stm32f1xx_it.c **** 
 150:Src/stm32f1xx_it.c ****   /* USER CODE END DebugMonitor_IRQn 0 */
 151:Src/stm32f1xx_it.c ****   /* USER CODE BEGIN DebugMonitor_IRQn 1 */
 152:Src/stm32f1xx_it.c **** 
 153:Src/stm32f1xx_it.c ****   /* USER CODE END DebugMonitor_IRQn 1 */
 154:Src/stm32f1xx_it.c **** }
 155:Src/stm32f1xx_it.c **** 
 156:Src/stm32f1xx_it.c **** /**
 157:Src/stm32f1xx_it.c ****   * @brief This function handles System tick timer.
 158:Src/stm32f1xx_it.c ****   */
 159:Src/stm32f1xx_it.c **** void SysTick_Handler(void)
 160:Src/stm32f1xx_it.c **** {
 138              		.loc 1 160 0
ARM GAS  /tmp/ccY0De0c.s 			page 6


 139              		.cfi_startproc
 140              		@ args = 0, pretend = 0, frame = 0
 141              		@ frame_needed = 0, uses_anonymous_args = 0
 142              		.loc 1 160 0
 143 0000 08B5     		push	{r3, lr}
 144              	.LCFI0:
 145              		.cfi_def_cfa_offset 8
 146              		.cfi_offset 3, -8
 147              		.cfi_offset 14, -4
 161:Src/stm32f1xx_it.c ****   /* USER CODE BEGIN SysTick_IRQn 0 */
 162:Src/stm32f1xx_it.c **** 
 163:Src/stm32f1xx_it.c ****   /* USER CODE END SysTick_IRQn 0 */
 164:Src/stm32f1xx_it.c ****   HAL_IncTick();
 148              		.loc 1 164 0
 149 0002 FFF7FEFF 		bl	HAL_IncTick
 150              	.LVL0:
 165:Src/stm32f1xx_it.c ****   osSystickHandler();
 151              		.loc 1 165 0
 152 0006 FFF7FEFF 		bl	osSystickHandler
 153              	.LVL1:
 154 000a 08BD     		pop	{r3, pc}
 155              		.cfi_endproc
 156              	.LFE75:
 158              		.section	.text.DMA1_Channel5_IRQHandler,"ax",%progbits
 159              		.align	2
 160              		.global	DMA1_Channel5_IRQHandler
 161              		.thumb
 162              		.thumb_func
 164              	DMA1_Channel5_IRQHandler:
 165              	.LFB76:
 166:Src/stm32f1xx_it.c ****   /* USER CODE BEGIN SysTick_IRQn 1 */
 167:Src/stm32f1xx_it.c **** 
 168:Src/stm32f1xx_it.c ****   /* USER CODE END SysTick_IRQn 1 */
 169:Src/stm32f1xx_it.c **** }
 170:Src/stm32f1xx_it.c **** 
 171:Src/stm32f1xx_it.c **** /******************************************************************************/
 172:Src/stm32f1xx_it.c **** /* STM32F1xx Peripheral Interrupt Handlers                                    */
 173:Src/stm32f1xx_it.c **** /* Add here the Interrupt Handlers for the used peripherals.                  */
 174:Src/stm32f1xx_it.c **** /* For the available peripheral interrupt handler names,                      */
 175:Src/stm32f1xx_it.c **** /* please refer to the startup file (startup_stm32f1xx.s).                    */
 176:Src/stm32f1xx_it.c **** /******************************************************************************/
 177:Src/stm32f1xx_it.c **** 
 178:Src/stm32f1xx_it.c **** /**
 179:Src/stm32f1xx_it.c ****   * @brief This function handles DMA1 channel5 global interrupt.
 180:Src/stm32f1xx_it.c ****   */
 181:Src/stm32f1xx_it.c **** void DMA1_Channel5_IRQHandler(void)
 182:Src/stm32f1xx_it.c **** {
 166              		.loc 1 182 0
 167              		.cfi_startproc
 168              		@ args = 0, pretend = 0, frame = 0
 169              		@ frame_needed = 0, uses_anonymous_args = 0
 170 0000 08B5     		push	{r3, lr}
 171              	.LCFI1:
 172              		.cfi_def_cfa_offset 8
 173              		.cfi_offset 3, -8
 174              		.cfi_offset 14, -4
 183:Src/stm32f1xx_it.c ****   /* USER CODE BEGIN DMA1_Channel5_IRQn 0 */
ARM GAS  /tmp/ccY0De0c.s 			page 7


 184:Src/stm32f1xx_it.c **** 
 185:Src/stm32f1xx_it.c ****   /* USER CODE END DMA1_Channel5_IRQn 0 */
 186:Src/stm32f1xx_it.c ****   HAL_DMA_IRQHandler(&hdma_usart1_rx);
 175              		.loc 1 186 0
 176 0002 0248     		ldr	r0, .L15
 177 0004 FFF7FEFF 		bl	HAL_DMA_IRQHandler
 178              	.LVL2:
 179 0008 08BD     		pop	{r3, pc}
 180              	.L16:
 181 000a 00BF     		.align	2
 182              	.L15:
 183 000c 00000000 		.word	hdma_usart1_rx
 184              		.cfi_endproc
 185              	.LFE76:
 187              		.section	.text.USART1_IRQHandler,"ax",%progbits
 188              		.align	2
 189              		.global	USART1_IRQHandler
 190              		.thumb
 191              		.thumb_func
 193              	USART1_IRQHandler:
 194              	.LFB77:
 187:Src/stm32f1xx_it.c ****   /* USER CODE BEGIN DMA1_Channel5_IRQn 1 */
 188:Src/stm32f1xx_it.c **** 
 189:Src/stm32f1xx_it.c ****   /* USER CODE END DMA1_Channel5_IRQn 1 */
 190:Src/stm32f1xx_it.c **** }
 191:Src/stm32f1xx_it.c **** 
 192:Src/stm32f1xx_it.c **** /**
 193:Src/stm32f1xx_it.c ****   * @brief This function handles USART1 global interrupt.
 194:Src/stm32f1xx_it.c ****   */
 195:Src/stm32f1xx_it.c **** void USART1_IRQHandler(void)
 196:Src/stm32f1xx_it.c **** {
 195              		.loc 1 196 0
 196              		.cfi_startproc
 197              		@ args = 0, pretend = 0, frame = 0
 198              		@ frame_needed = 0, uses_anonymous_args = 0
 199 0000 08B5     		push	{r3, lr}
 200              	.LCFI2:
 201              		.cfi_def_cfa_offset 8
 202              		.cfi_offset 3, -8
 203              		.cfi_offset 14, -4
 197:Src/stm32f1xx_it.c ****   /* USER CODE BEGIN USART1_IRQn 0 */
 198:Src/stm32f1xx_it.c ****   Serial_Interrupt_Process(&ESP8266_Serial);
 204              		.loc 1 198 0
 205 0002 0348     		ldr	r0, .L19
 206 0004 FFF7FEFF 		bl	Serial_Interrupt_Process
 207              	.LVL3:
 199:Src/stm32f1xx_it.c ****   /* USER CODE END USART1_IRQn 0 */
 200:Src/stm32f1xx_it.c ****   HAL_UART_IRQHandler(&huart1);
 208              		.loc 1 200 0
 209 0008 0248     		ldr	r0, .L19+4
 210 000a FFF7FEFF 		bl	HAL_UART_IRQHandler
 211              	.LVL4:
 212 000e 08BD     		pop	{r3, pc}
 213              	.L20:
 214              		.align	2
 215              	.L19:
 216 0010 00000000 		.word	ESP8266_Serial
ARM GAS  /tmp/ccY0De0c.s 			page 8


 217 0014 00000000 		.word	huart1
 218              		.cfi_endproc
 219              	.LFE77:
 221              		.text
 222              	.Letext0:
 223              		.file 2 "/opt/gcc-arm-none-eabi-5_4-2016q3/arm-none-eabi/include/machine/_default_types.h"
 224              		.file 3 "/opt/gcc-arm-none-eabi-5_4-2016q3/arm-none-eabi/include/sys/_stdint.h"
 225              		.file 4 "Drivers/CMSIS/Device/ST/STM32F1xx/Include/stm32f103xb.h"
 226              		.file 5 "Drivers/STM32F1xx_HAL_Driver/Inc/stm32f1xx_hal_def.h"
 227              		.file 6 "Drivers/STM32F1xx_HAL_Driver/Inc/stm32f1xx_hal_dma.h"
 228              		.file 7 "Drivers/STM32F1xx_HAL_Driver/Inc/stm32f1xx_hal_uart.h"
 229              		.file 8 "app/Serial.h"
 230              		.file 9 "Drivers/CMSIS/Include/core_cm3.h"
 231              		.file 10 "Drivers/STM32F1xx_HAL_Driver/Inc/stm32f1xx_hal.h"
 232              		.file 11 "Middlewares/Third_Party/FreeRTOS/Source/CMSIS_RTOS/cmsis_os.h"
ARM GAS  /tmp/ccY0De0c.s 			page 9


DEFINED SYMBOLS
                            *ABS*:00000000 stm32f1xx_it.c
     /tmp/ccY0De0c.s:20     .text.NMI_Handler:00000000 $t
     /tmp/ccY0De0c.s:25     .text.NMI_Handler:00000000 NMI_Handler
     /tmp/ccY0De0c.s:38     .text.HardFault_Handler:00000000 $t
     /tmp/ccY0De0c.s:43     .text.HardFault_Handler:00000000 HardFault_Handler
     /tmp/ccY0De0c.s:57     .text.MemManage_Handler:00000000 $t
     /tmp/ccY0De0c.s:62     .text.MemManage_Handler:00000000 MemManage_Handler
     /tmp/ccY0De0c.s:76     .text.BusFault_Handler:00000000 $t
     /tmp/ccY0De0c.s:81     .text.BusFault_Handler:00000000 BusFault_Handler
     /tmp/ccY0De0c.s:95     .text.UsageFault_Handler:00000000 $t
     /tmp/ccY0De0c.s:100    .text.UsageFault_Handler:00000000 UsageFault_Handler
     /tmp/ccY0De0c.s:114    .text.DebugMon_Handler:00000000 $t
     /tmp/ccY0De0c.s:119    .text.DebugMon_Handler:00000000 DebugMon_Handler
     /tmp/ccY0De0c.s:131    .text.SysTick_Handler:00000000 $t
     /tmp/ccY0De0c.s:136    .text.SysTick_Handler:00000000 SysTick_Handler
     /tmp/ccY0De0c.s:159    .text.DMA1_Channel5_IRQHandler:00000000 $t
     /tmp/ccY0De0c.s:164    .text.DMA1_Channel5_IRQHandler:00000000 DMA1_Channel5_IRQHandler
     /tmp/ccY0De0c.s:183    .text.DMA1_Channel5_IRQHandler:0000000c $d
     /tmp/ccY0De0c.s:188    .text.USART1_IRQHandler:00000000 $t
     /tmp/ccY0De0c.s:193    .text.USART1_IRQHandler:00000000 USART1_IRQHandler
     /tmp/ccY0De0c.s:216    .text.USART1_IRQHandler:00000010 $d
                     .debug_frame:00000010 $d

UNDEFINED SYMBOLS
HAL_IncTick
osSystickHandler
HAL_DMA_IRQHandler
hdma_usart1_rx
Serial_Interrupt_Process
HAL_UART_IRQHandler
ESP8266_Serial
huart1
